make all --print-data-base --no-builtin-variables --no-builtin-rules --question
# GNU Make 3.81
# Copyright (C) 2006  Free Software Foundation, Inc.
# This is free software; see the source for copying conditions.
# There is NO warranty; not even for MERCHANTABILITY or FITNESS FOR A
# PARTICULAR PURPOSE.

# This program built for i386-apple-darwin11.3.0
 
make: *** No rule to make target `all'.  Stop.


# Make data base, printed on Tue Aug  2 12:57:35 2022

# Variables

# automatic
<D = $(patsubst %/,%,$(dir $<))
 
# environment
RUBY_VERSION = ruby-3.0.0
# automatic
?F = $(notdir $?)
# environment
NVM_INC = /Users/bbrietzke/.nvm/versions/node/v16.13.0/include/node
# automatic
?D = $(patsubst %/,%,$(dir $?))
# environment
rvm_path = /Users/bbrietzke/.rvm
# automatic
@D = $(patsubst %/,%,$(dir $@))
# automatic
@F = $(notdir $@)
# makefile
CURDIR := /Users/bbrietzke/Development/charts
# makefile
SHELL = /bin/sh
# environment
VSCODE_NLS_CONFIG = {"locale":"en-us","availableLanguages":{},"_languagePackSupport":true}
# environment
_ = /usr/bin/make
# makefile (from `Makefile', line 1)
MAKEFILE_LIST :=  Makefile
# environment
__CFBundleIdentifier = com.microsoft.VSCode
# environment
INFOPATH = /opt/homebrew/share/info:
# environment
VSCODE_CWD = /
# environment
PATH = /Users/bbrietzke/.rvm/gems/ruby-3.0.0/bin:/Users/bbrietzke/.rvm/gems/ruby-3.0.0@global/bin:/Users/bbrietzke/.rvm/rubies/ruby-3.0.0/bin:/Users/bbrietzke/.nvm/versions/node/v16.13.0/bin:/Applications/Julia-1.6.app/Contents/Resources/julia/bin:/Users/bbrietzke/.rbenv/shims:/Users/bbrietzke/.pyenv/shims:/Users/bbrietzke/.pyenv/bin:/opt/homebrew/bin:/opt/homebrew/sbin:/usr/local/bin:/usr/bin:/bin:/usr/sbin:/sbin:/usr/local/share/dotnet:~/.dotnet/tools:/Users/bbrietzke/.rvm/bin:/Users/bbrietzke/go/bin
# environment
NVM_BIN = /Users/bbrietzke/.nvm/versions/node/v16.13.0/bin
# makefile (from `Makefile', line 4)
HELM := /opt/homebrew/bin/helm
# environment
LaunchInstanceID = D7254DA5-A914-4E00-A4CF-34E2F616DBF1
# environment
ELECTRON_RUN_AS_NODE = 1
# environment
PYENV_ROOT = /Users/bbrietzke/.pyenv
# default
.FEATURES := target-specific order-only second-expansion else-if archives jobserver check-symlink
# environment
SSH_AUTH_SOCK = /private/tmp/com.apple.launchd.mRezHDqXPc/Listeners
# automatic
%F = $(notdir $%)
# makefile (from `Makefile', line 6)
VOLUMES_TGZ := docs/charts/volumes*.tgz
# environment
rvm_bin_path = /Users/bbrietzke/.rvm/bin
# environment
PWD = /Users/bbrietzke/Development/charts
# environment
HOMEBREW_CELLAR = /opt/homebrew/Cellar
# environment
GEM_HOME = /Users/bbrietzke/.rvm/gems/ruby-3.0.0
# environment
ORIGINAL_XDG_CURRENT_DESKTOP = undefined
# environment
MANPATH = /Users/bbrietzke/.nvm/versions/node/v16.13.0/share/man:/opt/homebrew/share/man::
# environment
VSCODE_AMD_ENTRYPOINT = vs/workbench/api/node/extensionHostProcess
# environment
PYENV_SHELL = zsh
# environment
HOME = /Users/bbrietzke
# default
MAKEFILEPATH := /Applications/Xcode.app/Contents/Developer/Makefiles
# environment
VSCODE_CODE_CACHE_PATH = /Users/bbrietzke/Library/Application Support/Code/CachedData/3b889b090b5ad5793f524b5d1d39fda662b96a2a
# environment
LOGNAME = bbrietzke
# environment
APPLICATION_INSIGHTS_NO_DIAGNOSTIC_CHANNEL = 1
# environment
NVM_CD_FLAGS = -q
# environment
VSCODE_HANDLES_UNCAUGHT_ERRORS = true
# automatic
^D = $(patsubst %/,%,$(dir $^))
# environment
GEM_PATH = /Users/bbrietzke/.rvm/gems/ruby-3.0.0:/Users/bbrietzke/.rvm/gems/ruby-3.0.0@global
# environment
XPC_FLAGS = 0x0
# default
MAKE = $(MAKE_COMMAND)
# default
MAKECMDGOALS := all
# environment
IRBRC = /Users/bbrietzke/.rvm/rubies/ruby-3.0.0/.irbrc
# makefile (from `Makefile', line 7)
MINIO_TGZ := docs/charts/minio*.tgz
# environment
SHLVL = 1
# default
MAKE_VERSION := 3.81
# environment
USER = bbrietzke
# environment
CR_PAT = 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
# makefile
.DEFAULT_GOAL := publish
# environment
rvm_version = 1.29.12 (latest)
# automatic
%D = $(patsubst %/,%,$(dir $%))
# default
MAKE_COMMAND := /Applications/Xcode.app/Contents/Developer/usr/bin/make
# makefile (from `Makefile', line 3)
DOC := /opt/homebrew/bin/mkdocs
# default
.VARIABLES := 
# environment
TMPDIR = /var/folders/rh/hny9t66915bgs49vxwts3tq00000gn/T/
# automatic
*F = $(notdir $*)
# environment
VSCODE_IPC_HOOK = /Users/bbrietzke/Library/Application Support/Code/1.69.2-main.sock
# environment
MallocNanoZone = 0
# makefile
MAKEFLAGS = Rrqp
# environment
MFLAGS = -Rrqp
# automatic
*D = $(patsubst %/,%,$(dir $*))
# environment
NVM_DIR = /Users/bbrietzke/.nvm
# environment
XPC_SERVICE_NAME = application.com.microsoft.VSCode.30817797.30817803
# environment
HOMEBREW_PREFIX = /opt/homebrew
# automatic
+D = $(patsubst %/,%,$(dir $+))
# automatic
+F = $(notdir $+)
# environment
HOMEBREW_REPOSITORY = /opt/homebrew
# environment
__CF_USER_TEXT_ENCODING = 0x1F5:0x0:0x0
# environment
 
COMMAND_MODE = unix2003
# default
MAKEFILES := 
# environment
RBENV_SHELL = zsh
# automatic
<F = $(notdir $<)
# environment
LC_ALL = C
# environment
SECURITYSESSIONID = 186a5
# automatic
^F = $(notdir $^)
# environment
rvm_prefix = /Users/bbrietzke
# default
SUFFIXES := 
# environment
MAKELEVEL := 0
# environment
LANG = C
# environment
VSCODE_PID = 525
# environment
MY_RUBY_HOME = /Users/bbrietzke/.rvm/rubies/ruby-3.0.0
# variable set hash-table stats:
# Load=85/1024=8%, Rehash=0, Collisions=3/118=3%

# Pattern-specific Variable Values

# No pattern-specific variable values.

# Directories

# . (device 16777234, inode 29981665): 14 files, no impossibilities.
# docs/charts (device 16777234, inode 29981735): 8 files, no impossibilities.

# 22 files, no impossibilities in 2 directories.

# Implicit Rules

# No implicit rules.

# Files

# Not a target:
docs/charts/minio-0.1.0.tgz:
#  Implicit rule search has not been done.
#  Modification time never checked.
#  File has not been updated.

# Not a target:
all:
#  Command-line target.
#  Implicit rule search has been done.
#  File does not exist.
#  File has not been updated.
# variable set hash-table stats:
# Load=0/32=0%, Rehash=0, Collisions=0/0=0%

.PHONY: work home docs test image
#  Implicit rule search has not been done.
#  Modification time never checked.
#  File has not been updated.

# Not a target:
docs/charts/volumes-0.1.2.tgz:
#  Implicit rule search has not been done.
#  Modification time never checked.
#  File has not been updated.

index: /opt/homebrew/bin/helm volumes minio
#  Implicit rule search has not been done.
#  Modification time never checked.
#  File has not been updated.
#  commands to execute (from `Makefile', line 21):
	$(HELM) repo index docs/
	

# Not a target:
.SUFFIXES:
#  Implicit rule search has not been done.
#  Modification time never checked.
#  File has not been updated.

# Not a target:
/opt/homebrew/bin/helm:
#  Implicit rule search has not been done.
#  Modification time never checked.
#  File has not been updated.

# Not a target:
Makefile:
#  Implicit rule search has been done.
#  Last modified 2022-08-02 08:19:27
#  File has been updated.
#  Successfully updated.
# variable set hash-table stats:
# Load=0/32=0%, Rehash=0, Collisions=0/0=0%

test:
#  Phony target (prerequisite of .PHONY).
#  Implicit rule search has not been done.
#  File does not exist.
#  File has not been updated.

# Not a target:
docs/charts/volumes-0.1.3.tgz:
#  Implicit rule search has not been done.
#  Modification time never checked.
#  File has not been updated.

# Not a target:
docs/charts/volumes-0.1.5.tgz:
#  Implicit rule search has not been done.
#  Modification time never checked.
#  File has not been updated.

home:
#  Phony target (prerequisite of .PHONY).
#  Implicit rule search has not been done.
#  File does not exist.
#  File has not been updated.

work:
#  Phony target (prerequisite of .PHONY).
#  Implicit rule search has not been done.
#  File does not exist.
#  File has not been updated.

# Not a target:
/opt/homebrew/bin/mkdocs:
#  Implicit rule search has not been done.
#  Modification time never checked.
#  File has not been updated.

# Not a target:
.DEFAULT:
#  Implicit rule search has not been done.
#  Modification time never checked.
#  File has not been updated.

minio: /opt/homebrew/bin/helm docs/charts/minio-0.1.0.tgz
#  Implicit rule search has not been done.
#  Modification time never checked.
#  File has not been updated.
#  commands to execute (from `Makefile', line 17):
	$(HELM) package minio
	mv minio*.tgz docs/charts
	

publish: /opt/homebrew/bin/mkdocs
#  Implicit rule search has not been done.
#  Modification time never checked.
#  File has not been updated.
#  commands to execute (from `Makefile', line 10):
	$(DOC) gh-deploy
	

image:
#  Phony target (prerequisite of .PHONY).
#  Implicit rule search has not been done.
#  File does not exist.
#  File has not been updated.

volumes: /opt/homebrew/bin/helm docs/charts/volumes-0.1.2.tgz docs/charts/volumes-0.1.3.tgz docs/charts/volumes-0.1.4.tgz docs/charts/volumes-0.1.5.tgz docs/charts/volumes-0.1.6.tgz
#  Implicit rule search has not been done.
#  Modification time never checked.
#  File has not been updated.
#  commands to execute (from `Makefile', line 13):
	$(HELM) package volumes
	mv volumes*.tgz docs/charts
	

# Not a target:
docs/charts/volumes-0.1.4.tgz:
#  Implicit rule search has not been done.
#  Modification time never checked.
#  File has not been updated.

docs:
#  Phony target (prerequisite of .PHONY).
#  Implicit rule search has not been done.
#  File does not exist.
#  File has not been updated.

# Not a target:
docs/charts/volumes-0.1.6.tgz:
#  Implicit rule search has not been done.
#  Modification time never checked.
#  File has not been updated.

# files hash-table stats:
# Load=22/1024=2%, Rehash=0, Collisions=0/51=0%
# VPATH Search Paths

# No `vpath' search paths.

# No general (`VPATH' variable) search path.

# # of strings in strcache: 1
# # of strcache buffers: 1
# strcache size: total = 4096 / max = 4096 / min = 4096 / avg = 4096
# strcache free: total = 4087 / max = 4087 / min = 4087 / avg = 4087

# Finished Make data base on Tue Aug  2 12:57:35 2022

 
